<?xml version="1.0" encoding="UTF-8"?>
<testsuite xmlns:xsi="http://www.w3.org/2001/XMLSchema-instance" xsi:noNamespaceSchemaLocation="https://maven.apache.org/surefire/maven-surefire-plugin/xsd/surefire-test-report.xsd" name="com.app.RoomTest" time="0.29" tests="29" errors="0" skipped="0" failures="0">
  <properties>
    <property name="java.specification.version" value="19"/>
    <property name="sun.jnu.encoding" value="UTF-8"/>
    <property name="java.class.path" value="/Users/nich/Documents/programming/coen448-robot-motion/target/test-classes:/Users/nich/Documents/programming/coen448-robot-motion/target/classes:/Users/nich/.m2/repository/org/springframework/boot/spring-boot-starter-activemq/2.3.4.RELEASE/spring-boot-starter-activemq-2.3.4.RELEASE.jar:/Users/nich/.m2/repository/org/springframework/boot/spring-boot-starter/2.3.4.RELEASE/spring-boot-starter-2.3.4.RELEASE.jar:/Users/nich/.m2/repository/org/springframework/boot/spring-boot-starter-logging/2.3.4.RELEASE/spring-boot-starter-logging-2.3.4.RELEASE.jar:/Users/nich/.m2/repository/ch/qos/logback/logback-classic/1.2.3/logback-classic-1.2.3.jar:/Users/nich/.m2/repository/ch/qos/logback/logback-core/1.2.3/logback-core-1.2.3.jar:/Users/nich/.m2/repository/org/apache/logging/log4j/log4j-to-slf4j/2.13.3/log4j-to-slf4j-2.13.3.jar:/Users/nich/.m2/repository/org/apache/logging/log4j/log4j-api/2.13.3/log4j-api-2.13.3.jar:/Users/nich/.m2/repository/org/slf4j/jul-to-slf4j/1.7.30/jul-to-slf4j-1.7.30.jar:/Users/nich/.m2/repository/jakarta/annotation/jakarta.annotation-api/1.3.5/jakarta.annotation-api-1.3.5.jar:/Users/nich/.m2/repository/org/yaml/snakeyaml/1.26/snakeyaml-1.26.jar:/Users/nich/.m2/repository/org/springframework/spring-jms/5.2.9.RELEASE/spring-jms-5.2.9.RELEASE.jar:/Users/nich/.m2/repository/org/springframework/spring-beans/5.2.9.RELEASE/spring-beans-5.2.9.RELEASE.jar:/Users/nich/.m2/repository/org/springframework/spring-messaging/5.2.9.RELEASE/spring-messaging-5.2.9.RELEASE.jar:/Users/nich/.m2/repository/org/springframework/spring-tx/5.2.9.RELEASE/spring-tx-5.2.9.RELEASE.jar:/Users/nich/.m2/repository/org/apache/activemq/activemq-broker/5.15.13/activemq-broker-5.15.13.jar:/Users/nich/.m2/repository/org/apache/activemq/activemq-client/5.15.13/activemq-client-5.15.13.jar:/Users/nich/.m2/repository/org/fusesource/hawtbuf/hawtbuf/1.11/hawtbuf-1.11.jar:/Users/nich/.m2/repository/org/apache/geronimo/specs/geronimo-j2ee-management_1.1_spec/1.0.1/geronimo-j2ee-management_1.1_spec-1.0.1.jar:/Users/nich/.m2/repository/org/apache/activemq/activemq-openwire-legacy/5.15.13/activemq-openwire-legacy-5.15.13.jar:/Users/nich/.m2/repository/com/fasterxml/jackson/core/jackson-databind/2.11.2/jackson-databind-2.11.2.jar:/Users/nich/.m2/repository/com/fasterxml/jackson/core/jackson-annotations/2.11.2/jackson-annotations-2.11.2.jar:/Users/nich/.m2/repository/com/fasterxml/jackson/core/jackson-core/2.11.2/jackson-core-2.11.2.jar:/Users/nich/.m2/repository/jakarta/jms/jakarta.jms-api/2.0.3/jakarta.jms-api-2.0.3.jar:/Users/nich/.m2/repository/org/springframework/boot/spring-boot-starter-data-mongodb/2.3.4.RELEASE/spring-boot-starter-data-mongodb-2.3.4.RELEASE.jar:/Users/nich/.m2/repository/org/mongodb/mongodb-driver-sync/4.0.5/mongodb-driver-sync-4.0.5.jar:/Users/nich/.m2/repository/org/mongodb/bson/4.0.5/bson-4.0.5.jar:/Users/nich/.m2/repository/org/mongodb/mongodb-driver-core/4.0.5/mongodb-driver-core-4.0.5.jar:/Users/nich/.m2/repository/org/springframework/data/spring-data-mongodb/3.0.4.RELEASE/spring-data-mongodb-3.0.4.RELEASE.jar:/Users/nich/.m2/repository/org/springframework/spring-context/5.2.9.RELEASE/spring-context-5.2.9.RELEASE.jar:/Users/nich/.m2/repository/org/springframework/spring-expression/5.2.9.RELEASE/spring-expression-5.2.9.RELEASE.jar:/Users/nich/.m2/repository/org/springframework/data/spring-data-commons/2.3.4.RELEASE/spring-data-commons-2.3.4.RELEASE.jar:/Users/nich/.m2/repository/org/springframework/boot/spring-boot-starter-integration/2.3.4.RELEASE/spring-boot-starter-integration-2.3.4.RELEASE.jar:/Users/nich/.m2/repository/org/springframework/boot/spring-boot-starter-aop/2.3.4.RELEASE/spring-boot-starter-aop-2.3.4.RELEASE.jar:/Users/nich/.m2/repository/org/springframework/spring-aop/5.2.9.RELEASE/spring-aop-5.2.9.RELEASE.jar:/Users/nich/.m2/repository/org/aspectj/aspectjweaver/1.9.6/aspectjweaver-1.9.6.jar:/Users/nich/.m2/repository/org/springframework/integration/spring-integration-core/5.3.2.RELEASE/spring-integration-core-5.3.2.RELEASE.jar:/Users/nich/.m2/repository/org/springframework/retry/spring-retry/1.2.5.RELEASE/spring-retry-1.2.5.RELEASE.jar:/Users/nich/.m2/repository/io/projectreactor/reactor-core/3.3.10.RELEASE/reactor-core-3.3.10.RELEASE.jar:/Users/nich/.m2/repository/org/reactivestreams/reactive-streams/1.0.3/reactive-streams-1.0.3.jar:/Users/nich/.m2/repository/org/springframework/boot/spring-boot-starter-web/2.3.4.RELEASE/spring-boot-starter-web-2.3.4.RELEASE.jar:/Users/nich/.m2/repository/org/springframework/boot/spring-boot-starter-json/2.3.4.RELEASE/spring-boot-starter-json-2.3.4.RELEASE.jar:/Users/nich/.m2/repository/com/fasterxml/jackson/datatype/jackson-datatype-jdk8/2.11.2/jackson-datatype-jdk8-2.11.2.jar:/Users/nich/.m2/repository/com/fasterxml/jackson/datatype/jackson-datatype-jsr310/2.11.2/jackson-datatype-jsr310-2.11.2.jar:/Users/nich/.m2/repository/com/fasterxml/jackson/module/jackson-module-parameter-names/2.11.2/jackson-module-parameter-names-2.11.2.jar:/Users/nich/.m2/repository/org/springframework/boot/spring-boot-starter-tomcat/2.3.4.RELEASE/spring-boot-starter-tomcat-2.3.4.RELEASE.jar:/Users/nich/.m2/repository/org/apache/tomcat/embed/tomcat-embed-core/9.0.38/tomcat-embed-core-9.0.38.jar:/Users/nich/.m2/repository/org/apache/tomcat/embed/tomcat-embed-websocket/9.0.38/tomcat-embed-websocket-9.0.38.jar:/Users/nich/.m2/repository/org/springframework/spring-web/5.2.9.RELEASE/spring-web-5.2.9.RELEASE.jar:/Users/nich/.m2/repository/org/springframework/spring-webmvc/5.2.9.RELEASE/spring-webmvc-5.2.9.RELEASE.jar:/Users/nich/.m2/repository/org/springframework/boot/spring-boot-starter-validation/2.3.4.RELEASE/spring-boot-starter-validation-2.3.4.RELEASE.jar:/Users/nich/.m2/repository/org/glassfish/jakarta.el/3.0.3/jakarta.el-3.0.3.jar:/Users/nich/.m2/repository/org/hibernate/validator/hibernate-validator/6.1.5.Final/hibernate-validator-6.1.5.Final.jar:/Users/nich/.m2/repository/jakarta/validation/jakarta.validation-api/2.0.2/jakarta.validation-api-2.0.2.jar:/Users/nich/.m2/repository/org/jboss/logging/jboss-logging/3.4.1.Final/jboss-logging-3.4.1.Final.jar:/Users/nich/.m2/repository/com/fasterxml/classmate/1.5.1/classmate-1.5.1.jar:/Users/nich/.m2/repository/org/springframework/boot/spring-boot-devtools/2.3.4.RELEASE/spring-boot-devtools-2.3.4.RELEASE.jar:/Users/nich/.m2/repository/org/springframework/boot/spring-boot/2.3.4.RELEASE/spring-boot-2.3.4.RELEASE.jar:/Users/nich/.m2/repository/org/springframework/boot/spring-boot-autoconfigure/2.3.4.RELEASE/spring-boot-autoconfigure-2.3.4.RELEASE.jar:/Users/nich/.m2/repository/org/springframework/boot/spring-boot-configuration-processor/2.3.4.RELEASE/spring-boot-configuration-processor-2.3.4.RELEASE.jar:/Users/nich/.m2/repository/org/projectlombok/lombok/1.18.12/lombok-1.18.12.jar:/Users/nich/.m2/repository/org/springframework/boot/spring-boot-starter-test/2.3.4.RELEASE/spring-boot-starter-test-2.3.4.RELEASE.jar:/Users/nich/.m2/repository/org/springframework/boot/spring-boot-test/2.3.4.RELEASE/spring-boot-test-2.3.4.RELEASE.jar:/Users/nich/.m2/repository/org/springframework/boot/spring-boot-test-autoconfigure/2.3.4.RELEASE/spring-boot-test-autoconfigure-2.3.4.RELEASE.jar:/Users/nich/.m2/repository/com/jayway/jsonpath/json-path/2.4.0/json-path-2.4.0.jar:/Users/nich/.m2/repository/net/minidev/json-smart/2.3/json-smart-2.3.jar:/Users/nich/.m2/repository/net/minidev/accessors-smart/1.2/accessors-smart-1.2.jar:/Users/nich/.m2/repository/jakarta/xml/bind/jakarta.xml.bind-api/2.3.3/jakarta.xml.bind-api-2.3.3.jar:/Users/nich/.m2/repository/jakarta/activation/jakarta.activation-api/1.2.2/jakarta.activation-api-1.2.2.jar:/Users/nich/.m2/repository/org/assertj/assertj-core/3.16.1/assertj-core-3.16.1.jar:/Users/nich/.m2/repository/org/hamcrest/hamcrest/2.2/hamcrest-2.2.jar:/Users/nich/.m2/repository/org/junit/jupiter/junit-jupiter/5.6.2/junit-jupiter-5.6.2.jar:/Users/nich/.m2/repository/org/junit/jupiter/junit-jupiter-api/5.6.2/junit-jupiter-api-5.6.2.jar:/Users/nich/.m2/repository/org/opentest4j/opentest4j/1.2.0/opentest4j-1.2.0.jar:/Users/nich/.m2/repository/org/junit/platform/junit-platform-commons/1.6.2/junit-platform-commons-1.6.2.jar:/Users/nich/.m2/repository/org/junit/jupiter/junit-jupiter-params/5.6.2/junit-jupiter-params-5.6.2.jar:/Users/nich/.m2/repository/org/junit/jupiter/junit-jupiter-engine/5.6.2/junit-jupiter-engine-5.6.2.jar:/Users/nich/.m2/repository/org/junit/vintage/junit-vintage-engine/5.6.2/junit-vintage-engine-5.6.2.jar:/Users/nich/.m2/repository/org/apiguardian/apiguardian-api/1.1.0/apiguardian-api-1.1.0.jar:/Users/nich/.m2/repository/org/junit/platform/junit-platform-engine/1.6.2/junit-platform-engine-1.6.2.jar:/Users/nich/.m2/repository/junit/junit/4.13/junit-4.13.jar:/Users/nich/.m2/repository/org/mockito/mockito-core/3.3.3/mockito-core-3.3.3.jar:/Users/nich/.m2/repository/net/bytebuddy/byte-buddy/1.10.14/byte-buddy-1.10.14.jar:/Users/nich/.m2/repository/net/bytebuddy/byte-buddy-agent/1.10.14/byte-buddy-agent-1.10.14.jar:/Users/nich/.m2/repository/org/objenesis/objenesis/2.6/objenesis-2.6.jar:/Users/nich/.m2/repository/org/mockito/mockito-junit-jupiter/3.3.3/mockito-junit-jupiter-3.3.3.jar:/Users/nich/.m2/repository/org/skyscreamer/jsonassert/1.5.0/jsonassert-1.5.0.jar:/Users/nich/.m2/repository/com/vaadin/external/google/android-json/0.0.20131108.vaadin1/android-json-0.0.20131108.vaadin1.jar:/Users/nich/.m2/repository/org/springframework/spring-core/5.2.9.RELEASE/spring-core-5.2.9.RELEASE.jar:/Users/nich/.m2/repository/org/springframework/spring-jcl/5.2.9.RELEASE/spring-jcl-5.2.9.RELEASE.jar:/Users/nich/.m2/repository/org/springframework/spring-test/5.2.9.RELEASE/spring-test-5.2.9.RELEASE.jar:/Users/nich/.m2/repository/org/xmlunit/xmlunit-core/2.7.0/xmlunit-core-2.7.0.jar:/Users/nich/.m2/repository/de/flapdoodle/embed/de.flapdoodle.embed.mongo/2.2.0/de.flapdoodle.embed.mongo-2.2.0.jar:/Users/nich/.m2/repository/de/flapdoodle/embed/de.flapdoodle.embed.process/2.1.2/de.flapdoodle.embed.process-2.1.2.jar:/Users/nich/.m2/repository/org/apache/commons/commons-lang3/3.10/commons-lang3-3.10.jar:/Users/nich/.m2/repository/net/java/dev/jna/jna/4.0.0/jna-4.0.0.jar:/Users/nich/.m2/repository/net/java/dev/jna/jna-platform/4.0.0/jna-platform-4.0.0.jar:/Users/nich/.m2/repository/org/apache/commons/commons-compress/1.18/commons-compress-1.18.jar:/Users/nich/.m2/repository/org/springframework/integration/spring-integration-test/5.3.2.RELEASE/spring-integration-test-5.3.2.RELEASE.jar:/Users/nich/.m2/repository/org/springframework/integration/spring-integration-test-support/5.3.2.RELEASE/spring-integration-test-support-5.3.2.RELEASE.jar:/Users/nich/.m2/repository/org/hamcrest/hamcrest-library/2.2/hamcrest-library-2.2.jar:/Users/nich/.m2/repository/org/hamcrest/hamcrest-core/2.2/hamcrest-core-2.2.jar:/Users/nich/.m2/repository/org/apache/maven/plugins/maven-checkstyle-plugin/3.1.1/maven-checkstyle-plugin-3.1.1.jar:/Users/nich/.m2/repository/org/apache/maven/maven-artifact/3.0/maven-artifact-3.0.jar:/Users/nich/.m2/repository/org/apache/maven/maven-core/3.0/maven-core-3.0.jar:/Users/nich/.m2/repository/org/apache/maven/maven-settings/3.0/maven-settings-3.0.jar:/Users/nich/.m2/repository/org/apache/maven/maven-settings-builder/3.0/maven-settings-builder-3.0.jar:/Users/nich/.m2/repository/org/apache/maven/maven-repository-metadata/3.0/maven-repository-metadata-3.0.jar:/Users/nich/.m2/repository/org/apache/maven/maven-model-builder/3.0/maven-model-builder-3.0.jar:/Users/nich/.m2/repository/org/apache/maven/maven-aether-provider/3.0/maven-aether-provider-3.0.jar:/Users/nich/.m2/repository/org/sonatype/aether/aether-impl/1.7/aether-impl-1.7.jar:/Users/nich/.m2/repository/org/sonatype/aether/aether-spi/1.7/aether-spi-1.7.jar:/Users/nich/.m2/repository/org/sonatype/aether/aether-api/1.7/aether-api-1.7.jar:/Users/nich/.m2/repository/org/sonatype/aether/aether-util/1.7/aether-util-1.7.jar:/Users/nich/.m2/repository/org/sonatype/sisu/sisu-inject-plexus/1.4.2/sisu-inject-plexus-1.4.2.jar:/Users/nich/.m2/repository/org/sonatype/sisu/sisu-inject-bean/1.4.2/sisu-inject-bean-1.4.2.jar:/Users/nich/.m2/repository/org/sonatype/sisu/sisu-guice/2.1.7/sisu-guice-2.1.7-noaop.jar:/Users/nich/.m2/repository/org/codehaus/plexus/plexus-classworlds/2.2.3/plexus-classworlds-2.2.3.jar:/Users/nich/.m2/repository/org/apache/maven/maven-model/3.0/maven-model-3.0.jar:/Users/nich/.m2/repository/org/apache/maven/maven-plugin-api/3.0/maven-plugin-api-3.0.jar:/Users/nich/.m2/repository/org/apache/maven/reporting/maven-reporting-api/3.0/maven-reporting-api-3.0.jar:/Users/nich/.m2/repository/org/apache/maven/reporting/maven-reporting-impl/2.3/maven-reporting-impl-2.3.jar:/Users/nich/.m2/repository/org/apache/maven/shared/maven-shared-utils/0.6/maven-shared-utils-0.6.jar:/Users/nich/.m2/repository/org/apache/maven/doxia/doxia-core/1.2/doxia-core-1.2.jar:/Users/nich/.m2/repository/xerces/xercesImpl/2.9.1/xercesImpl-2.9.1.jar:/Users/nich/.m2/repository/xml-apis/xml-apis/1.3.04/xml-apis-1.3.04.jar:/Users/nich/.m2/repository/org/apache/httpcomponents/httpclient/4.5.12/httpclient-4.5.12.jar:/Users/nich/.m2/repository/org/apache/httpcomponents/httpcore/4.4.13/httpcore-4.4.13.jar:/Users/nich/.m2/repository/commons-codec/commons-codec/1.14/commons-codec-1.14.jar:/Users/nich/.m2/repository/commons-validator/commons-validator/1.3.1/commons-validator-1.3.1.jar:/Users/nich/.m2/repository/commons-digester/commons-digester/1.6/commons-digester-1.6.jar:/Users/nich/.m2/repository/org/apache/maven/doxia/doxia-sink-api/1.4/doxia-sink-api-1.4.jar:/Users/nich/.m2/repository/org/apache/maven/doxia/doxia-logging-api/1.4/doxia-logging-api-1.4.jar:/Users/nich/.m2/repository/org/apache/maven/doxia/doxia-decoration-model/1.4/doxia-decoration-model-1.4.jar:/Users/nich/.m2/repository/org/apache/maven/doxia/doxia-site-renderer/1.4/doxia-site-renderer-1.4.jar:/Users/nich/.m2/repository/org/apache/maven/doxia/doxia-module-xhtml/1.4/doxia-module-xhtml-1.4.jar:/Users/nich/.m2/repository/org/apache/maven/doxia/doxia-module-fml/1.4/doxia-module-fml-1.4.jar:/Users/nich/.m2/repository/org/codehaus/plexus/plexus-i18n/1.0-beta-7/plexus-i18n-1.0-beta-7.jar:/Users/nich/.m2/repository/org/apache/velocity/velocity-tools/2.0/velocity-tools-2.0.jar:/Users/nich/.m2/repository/commons-chain/commons-chain/1.1/commons-chain-1.1.jar:/Users/nich/.m2/repository/dom4j/dom4j/1.1/dom4j-1.1.jar:/Users/nich/.m2/repository/oro/oro/2.0.8/oro-2.0.8.jar:/Users/nich/.m2/repository/sslext/sslext/1.2-0/sslext-1.2-0.jar:/Users/nich/.m2/repository/org/apache/struts/struts-core/1.3.8/struts-core-1.3.8.jar:/Users/nich/.m2/repository/org/apache/struts/struts-taglib/1.3.8/struts-taglib-1.3.8.jar:/Users/nich/.m2/repository/org/apache/struts/struts-tiles/1.3.8/struts-tiles-1.3.8.jar:/Users/nich/.m2/repository/org/apache/maven/doxia/doxia-integration-tools/1.6/doxia-integration-tools-1.6.jar:/Users/nich/.m2/repository/commons-io/commons-io/1.4/commons-io-1.4.jar:/Users/nich/.m2/repository/org/codehaus/plexus/plexus-container-default/1.0-alpha-9/plexus-container-default-1.0-alpha-9.jar:/Users/nich/.m2/repository/classworlds/classworlds/1.1-alpha-2/classworlds-1.1-alpha-2.jar:/Users/nich/.m2/repository/org/codehaus/plexus/plexus-component-annotations/2.0.0/plexus-component-annotations-2.0.0.jar:/Users/nich/.m2/repository/org/codehaus/plexus/plexus-resources/1.1.0/plexus-resources-1.1.0.jar:/Users/nich/.m2/repository/org/codehaus/plexus/plexus-utils/3.3.0/plexus-utils-3.3.0.jar:/Users/nich/.m2/repository/org/codehaus/plexus/plexus-interpolation/1.26/plexus-interpolation-1.26.jar:/Users/nich/.m2/repository/org/codehaus/plexus/plexus-velocity/1.2/plexus-velocity-1.2.jar:/Users/nich/.m2/repository/org/apache/velocity/velocity/1.7/velocity-1.7.jar:/Users/nich/.m2/repository/commons-collections/commons-collections/3.2.2/commons-collections-3.2.2.jar:/Users/nich/.m2/repository/javax/xml/bind/jaxb-api/2.3.1/jaxb-api-2.3.1.jar:/Users/nich/.m2/repository/javax/activation/javax.activation-api/1.2.0/javax.activation-api-1.2.0.jar:/Users/nich/.m2/repository/org/jacoco/jacoco-maven-plugin/0.8.8/jacoco-maven-plugin-0.8.8.jar:/Users/nich/.m2/repository/org/apache/maven/shared/file-management/1.2.1/file-management-1.2.1.jar:/Users/nich/.m2/repository/org/apache/maven/shared/maven-shared-io/1.1/maven-shared-io-1.1.jar:/Users/nich/.m2/repository/org/apache/maven/maven-artifact-manager/2.0.2/maven-artifact-manager-2.0.2.jar:/Users/nich/.m2/repository/org/apache/maven/wagon/wagon-provider-api/1.0-alpha-6/wagon-provider-api-1.0-alpha-6.jar:/Users/nich/.m2/repository/org/jacoco/org.jacoco.agent/0.8.8/org.jacoco.agent-0.8.8-runtime.jar:/Users/nich/.m2/repository/org/jacoco/org.jacoco.core/0.8.8/org.jacoco.core-0.8.8.jar:/Users/nich/.m2/repository/org/ow2/asm/asm/9.2/asm-9.2.jar:/Users/nich/.m2/repository/org/ow2/asm/asm-commons/9.2/asm-commons-9.2.jar:/Users/nich/.m2/repository/org/ow2/asm/asm-analysis/9.2/asm-analysis-9.2.jar:/Users/nich/.m2/repository/org/ow2/asm/asm-tree/9.2/asm-tree-9.2.jar:/Users/nich/.m2/repository/org/jacoco/org.jacoco.report/0.8.8/org.jacoco.report-0.8.8.jar:/Users/nich/.m2/repository/org/sonarsource/scanner/maven/sonar-maven-plugin/3.7.0.1746/sonar-maven-plugin-3.7.0.1746.jar:/Users/nich/.m2/repository/org/sonatype/plexus/plexus-sec-dispatcher/1.4/plexus-sec-dispatcher-1.4.jar:/Users/nich/.m2/repository/org/sonatype/plexus/plexus-cipher/1.4/plexus-cipher-1.4.jar:/Users/nich/.m2/repository/org/sonarsource/scanner/api/sonar-scanner-api/2.14.0.2002/sonar-scanner-api-2.14.0.2002.jar:/Users/nich/.m2/repository/commons-lang/commons-lang/2.6/commons-lang-2.6.jar:/Users/nich/.m2/repository/com/puppycrawl/tools/checkstyle/8.36/checkstyle-8.36.jar:/Users/nich/.m2/repository/info/picocli/picocli/4.5.1/picocli-4.5.1.jar:/Users/nich/.m2/repository/antlr/antlr/2.7.7/antlr-2.7.7.jar:/Users/nich/.m2/repository/org/antlr/antlr4-runtime/4.8-1/antlr4-runtime-4.8-1.jar:/Users/nich/.m2/repository/commons-beanutils/commons-beanutils/1.9.4/commons-beanutils-1.9.4.jar:/Users/nich/.m2/repository/commons-logging/commons-logging/1.2/commons-logging-1.2.jar:/Users/nich/.m2/repository/com/google/guava/guava/29.0-jre/guava-29.0-jre.jar:/Users/nich/.m2/repository/com/google/guava/failureaccess/1.0.1/failureaccess-1.0.1.jar:/Users/nich/.m2/repository/com/google/guava/listenablefuture/9999.0-empty-to-avoid-conflict-with-guava/listenablefuture-9999.0-empty-to-avoid-conflict-with-guava.jar:/Users/nich/.m2/repository/com/google/code/findbugs/jsr305/3.0.2/jsr305-3.0.2.jar:/Users/nich/.m2/repository/org/checkerframework/checker-qual/2.11.1/checker-qual-2.11.1.jar:/Users/nich/.m2/repository/com/google/errorprone/error_prone_annotations/2.3.4/error_prone_annotations-2.3.4.jar:/Users/nich/.m2/repository/com/google/j2objc/j2objc-annotations/1.3/j2objc-annotations-1.3.jar:/Users/nich/.m2/repository/org/reflections/reflections/0.9.12/reflections-0.9.12.jar:/Users/nich/.m2/repository/org/javassist/javassist/3.26.0-GA/javassist-3.26.0-GA.jar:/Users/nich/.m2/repository/net/sf/saxon/Saxon-HE/9.9.1-7/Saxon-HE-9.9.1-7.jar:/Users/nich/.m2/repository/org/ta4j/ta4j-core/0.13/ta4j-core-0.13.jar:/Users/nich/.m2/repository/org/slf4j/slf4j-api/1.7.30/slf4j-api-1.7.30.jar:"/>
    <property name="java.vm.vendor" value="Oracle Corporation"/>
    <property name="sun.arch.data.model" value="64"/>
    <property name="java.vendor.url" value="https://java.oracle.com/"/>
    <property name="os.name" value="Mac OS X"/>
    <property name="java.vm.specification.version" value="19"/>
    <property name="sun.java.launcher" value="SUN_STANDARD"/>
    <property name="user.country" value="CA"/>
    <property name="sun.boot.library.path" value="/Users/nich/Library/Java/JavaVirtualMachines/openjdk-19.0.2/Contents/Home/lib"/>
    <property name="sun.java.command" value="/Users/nich/Documents/programming/coen448-robot-motion/target/surefire/surefirebooter2970800821467615207.jar /Users/nich/Documents/programming/coen448-robot-motion/target/surefire 2023-02-22T21-49-03_670-jvmRun1 surefire6366571361108384571tmp surefire_0140405646318529587tmp"/>
    <property name="http.nonProxyHosts" value="local|*.local|169.254/16|*.169.254/16"/>
    <property name="jdk.debug" value="release"/>
    <property name="surefire.test.class.path" value="/Users/nich/Documents/programming/coen448-robot-motion/target/test-classes:/Users/nich/Documents/programming/coen448-robot-motion/target/classes:/Users/nich/.m2/repository/org/springframework/boot/spring-boot-starter-activemq/2.3.4.RELEASE/spring-boot-starter-activemq-2.3.4.RELEASE.jar:/Users/nich/.m2/repository/org/springframework/boot/spring-boot-starter/2.3.4.RELEASE/spring-boot-starter-2.3.4.RELEASE.jar:/Users/nich/.m2/repository/org/springframework/boot/spring-boot-starter-logging/2.3.4.RELEASE/spring-boot-starter-logging-2.3.4.RELEASE.jar:/Users/nich/.m2/repository/ch/qos/logback/logback-classic/1.2.3/logback-classic-1.2.3.jar:/Users/nich/.m2/repository/ch/qos/logback/logback-core/1.2.3/logback-core-1.2.3.jar:/Users/nich/.m2/repository/org/apache/logging/log4j/log4j-to-slf4j/2.13.3/log4j-to-slf4j-2.13.3.jar:/Users/nich/.m2/repository/org/apache/logging/log4j/log4j-api/2.13.3/log4j-api-2.13.3.jar:/Users/nich/.m2/repository/org/slf4j/jul-to-slf4j/1.7.30/jul-to-slf4j-1.7.30.jar:/Users/nich/.m2/repository/jakarta/annotation/jakarta.annotation-api/1.3.5/jakarta.annotation-api-1.3.5.jar:/Users/nich/.m2/repository/org/yaml/snakeyaml/1.26/snakeyaml-1.26.jar:/Users/nich/.m2/repository/org/springframework/spring-jms/5.2.9.RELEASE/spring-jms-5.2.9.RELEASE.jar:/Users/nich/.m2/repository/org/springframework/spring-beans/5.2.9.RELEASE/spring-beans-5.2.9.RELEASE.jar:/Users/nich/.m2/repository/org/springframework/spring-messaging/5.2.9.RELEASE/spring-messaging-5.2.9.RELEASE.jar:/Users/nich/.m2/repository/org/springframework/spring-tx/5.2.9.RELEASE/spring-tx-5.2.9.RELEASE.jar:/Users/nich/.m2/repository/org/apache/activemq/activemq-broker/5.15.13/activemq-broker-5.15.13.jar:/Users/nich/.m2/repository/org/apache/activemq/activemq-client/5.15.13/activemq-client-5.15.13.jar:/Users/nich/.m2/repository/org/fusesource/hawtbuf/hawtbuf/1.11/hawtbuf-1.11.jar:/Users/nich/.m2/repository/org/apache/geronimo/specs/geronimo-j2ee-management_1.1_spec/1.0.1/geronimo-j2ee-management_1.1_spec-1.0.1.jar:/Users/nich/.m2/repository/org/apache/activemq/activemq-openwire-legacy/5.15.13/activemq-openwire-legacy-5.15.13.jar:/Users/nich/.m2/repository/com/fasterxml/jackson/core/jackson-databind/2.11.2/jackson-databind-2.11.2.jar:/Users/nich/.m2/repository/com/fasterxml/jackson/core/jackson-annotations/2.11.2/jackson-annotations-2.11.2.jar:/Users/nich/.m2/repository/com/fasterxml/jackson/core/jackson-core/2.11.2/jackson-core-2.11.2.jar:/Users/nich/.m2/repository/jakarta/jms/jakarta.jms-api/2.0.3/jakarta.jms-api-2.0.3.jar:/Users/nich/.m2/repository/org/springframework/boot/spring-boot-starter-data-mongodb/2.3.4.RELEASE/spring-boot-starter-data-mongodb-2.3.4.RELEASE.jar:/Users/nich/.m2/repository/org/mongodb/mongodb-driver-sync/4.0.5/mongodb-driver-sync-4.0.5.jar:/Users/nich/.m2/repository/org/mongodb/bson/4.0.5/bson-4.0.5.jar:/Users/nich/.m2/repository/org/mongodb/mongodb-driver-core/4.0.5/mongodb-driver-core-4.0.5.jar:/Users/nich/.m2/repository/org/springframework/data/spring-data-mongodb/3.0.4.RELEASE/spring-data-mongodb-3.0.4.RELEASE.jar:/Users/nich/.m2/repository/org/springframework/spring-context/5.2.9.RELEASE/spring-context-5.2.9.RELEASE.jar:/Users/nich/.m2/repository/org/springframework/spring-expression/5.2.9.RELEASE/spring-expression-5.2.9.RELEASE.jar:/Users/nich/.m2/repository/org/springframework/data/spring-data-commons/2.3.4.RELEASE/spring-data-commons-2.3.4.RELEASE.jar:/Users/nich/.m2/repository/org/springframework/boot/spring-boot-starter-integration/2.3.4.RELEASE/spring-boot-starter-integration-2.3.4.RELEASE.jar:/Users/nich/.m2/repository/org/springframework/boot/spring-boot-starter-aop/2.3.4.RELEASE/spring-boot-starter-aop-2.3.4.RELEASE.jar:/Users/nich/.m2/repository/org/springframework/spring-aop/5.2.9.RELEASE/spring-aop-5.2.9.RELEASE.jar:/Users/nich/.m2/repository/org/aspectj/aspectjweaver/1.9.6/aspectjweaver-1.9.6.jar:/Users/nich/.m2/repository/org/springframework/integration/spring-integration-core/5.3.2.RELEASE/spring-integration-core-5.3.2.RELEASE.jar:/Users/nich/.m2/repository/org/springframework/retry/spring-retry/1.2.5.RELEASE/spring-retry-1.2.5.RELEASE.jar:/Users/nich/.m2/repository/io/projectreactor/reactor-core/3.3.10.RELEASE/reactor-core-3.3.10.RELEASE.jar:/Users/nich/.m2/repository/org/reactivestreams/reactive-streams/1.0.3/reactive-streams-1.0.3.jar:/Users/nich/.m2/repository/org/springframework/boot/spring-boot-starter-web/2.3.4.RELEASE/spring-boot-starter-web-2.3.4.RELEASE.jar:/Users/nich/.m2/repository/org/springframework/boot/spring-boot-starter-json/2.3.4.RELEASE/spring-boot-starter-json-2.3.4.RELEASE.jar:/Users/nich/.m2/repository/com/fasterxml/jackson/datatype/jackson-datatype-jdk8/2.11.2/jackson-datatype-jdk8-2.11.2.jar:/Users/nich/.m2/repository/com/fasterxml/jackson/datatype/jackson-datatype-jsr310/2.11.2/jackson-datatype-jsr310-2.11.2.jar:/Users/nich/.m2/repository/com/fasterxml/jackson/module/jackson-module-parameter-names/2.11.2/jackson-module-parameter-names-2.11.2.jar:/Users/nich/.m2/repository/org/springframework/boot/spring-boot-starter-tomcat/2.3.4.RELEASE/spring-boot-starter-tomcat-2.3.4.RELEASE.jar:/Users/nich/.m2/repository/org/apache/tomcat/embed/tomcat-embed-core/9.0.38/tomcat-embed-core-9.0.38.jar:/Users/nich/.m2/repository/org/apache/tomcat/embed/tomcat-embed-websocket/9.0.38/tomcat-embed-websocket-9.0.38.jar:/Users/nich/.m2/repository/org/springframework/spring-web/5.2.9.RELEASE/spring-web-5.2.9.RELEASE.jar:/Users/nich/.m2/repository/org/springframework/spring-webmvc/5.2.9.RELEASE/spring-webmvc-5.2.9.RELEASE.jar:/Users/nich/.m2/repository/org/springframework/boot/spring-boot-starter-validation/2.3.4.RELEASE/spring-boot-starter-validation-2.3.4.RELEASE.jar:/Users/nich/.m2/repository/org/glassfish/jakarta.el/3.0.3/jakarta.el-3.0.3.jar:/Users/nich/.m2/repository/org/hibernate/validator/hibernate-validator/6.1.5.Final/hibernate-validator-6.1.5.Final.jar:/Users/nich/.m2/repository/jakarta/validation/jakarta.validation-api/2.0.2/jakarta.validation-api-2.0.2.jar:/Users/nich/.m2/repository/org/jboss/logging/jboss-logging/3.4.1.Final/jboss-logging-3.4.1.Final.jar:/Users/nich/.m2/repository/com/fasterxml/classmate/1.5.1/classmate-1.5.1.jar:/Users/nich/.m2/repository/org/springframework/boot/spring-boot-devtools/2.3.4.RELEASE/spring-boot-devtools-2.3.4.RELEASE.jar:/Users/nich/.m2/repository/org/springframework/boot/spring-boot/2.3.4.RELEASE/spring-boot-2.3.4.RELEASE.jar:/Users/nich/.m2/repository/org/springframework/boot/spring-boot-autoconfigure/2.3.4.RELEASE/spring-boot-autoconfigure-2.3.4.RELEASE.jar:/Users/nich/.m2/repository/org/springframework/boot/spring-boot-configuration-processor/2.3.4.RELEASE/spring-boot-configuration-processor-2.3.4.RELEASE.jar:/Users/nich/.m2/repository/org/projectlombok/lombok/1.18.12/lombok-1.18.12.jar:/Users/nich/.m2/repository/org/springframework/boot/spring-boot-starter-test/2.3.4.RELEASE/spring-boot-starter-test-2.3.4.RELEASE.jar:/Users/nich/.m2/repository/org/springframework/boot/spring-boot-test/2.3.4.RELEASE/spring-boot-test-2.3.4.RELEASE.jar:/Users/nich/.m2/repository/org/springframework/boot/spring-boot-test-autoconfigure/2.3.4.RELEASE/spring-boot-test-autoconfigure-2.3.4.RELEASE.jar:/Users/nich/.m2/repository/com/jayway/jsonpath/json-path/2.4.0/json-path-2.4.0.jar:/Users/nich/.m2/repository/net/minidev/json-smart/2.3/json-smart-2.3.jar:/Users/nich/.m2/repository/net/minidev/accessors-smart/1.2/accessors-smart-1.2.jar:/Users/nich/.m2/repository/jakarta/xml/bind/jakarta.xml.bind-api/2.3.3/jakarta.xml.bind-api-2.3.3.jar:/Users/nich/.m2/repository/jakarta/activation/jakarta.activation-api/1.2.2/jakarta.activation-api-1.2.2.jar:/Users/nich/.m2/repository/org/assertj/assertj-core/3.16.1/assertj-core-3.16.1.jar:/Users/nich/.m2/repository/org/hamcrest/hamcrest/2.2/hamcrest-2.2.jar:/Users/nich/.m2/repository/org/junit/jupiter/junit-jupiter/5.6.2/junit-jupiter-5.6.2.jar:/Users/nich/.m2/repository/org/junit/jupiter/junit-jupiter-api/5.6.2/junit-jupiter-api-5.6.2.jar:/Users/nich/.m2/repository/org/opentest4j/opentest4j/1.2.0/opentest4j-1.2.0.jar:/Users/nich/.m2/repository/org/junit/platform/junit-platform-commons/1.6.2/junit-platform-commons-1.6.2.jar:/Users/nich/.m2/repository/org/junit/jupiter/junit-jupiter-params/5.6.2/junit-jupiter-params-5.6.2.jar:/Users/nich/.m2/repository/org/junit/jupiter/junit-jupiter-engine/5.6.2/junit-jupiter-engine-5.6.2.jar:/Users/nich/.m2/repository/org/junit/vintage/junit-vintage-engine/5.6.2/junit-vintage-engine-5.6.2.jar:/Users/nich/.m2/repository/org/apiguardian/apiguardian-api/1.1.0/apiguardian-api-1.1.0.jar:/Users/nich/.m2/repository/org/junit/platform/junit-platform-engine/1.6.2/junit-platform-engine-1.6.2.jar:/Users/nich/.m2/repository/junit/junit/4.13/junit-4.13.jar:/Users/nich/.m2/repository/org/mockito/mockito-core/3.3.3/mockito-core-3.3.3.jar:/Users/nich/.m2/repository/net/bytebuddy/byte-buddy/1.10.14/byte-buddy-1.10.14.jar:/Users/nich/.m2/repository/net/bytebuddy/byte-buddy-agent/1.10.14/byte-buddy-agent-1.10.14.jar:/Users/nich/.m2/repository/org/objenesis/objenesis/2.6/objenesis-2.6.jar:/Users/nich/.m2/repository/org/mockito/mockito-junit-jupiter/3.3.3/mockito-junit-jupiter-3.3.3.jar:/Users/nich/.m2/repository/org/skyscreamer/jsonassert/1.5.0/jsonassert-1.5.0.jar:/Users/nich/.m2/repository/com/vaadin/external/google/android-json/0.0.20131108.vaadin1/android-json-0.0.20131108.vaadin1.jar:/Users/nich/.m2/repository/org/springframework/spring-core/5.2.9.RELEASE/spring-core-5.2.9.RELEASE.jar:/Users/nich/.m2/repository/org/springframework/spring-jcl/5.2.9.RELEASE/spring-jcl-5.2.9.RELEASE.jar:/Users/nich/.m2/repository/org/springframework/spring-test/5.2.9.RELEASE/spring-test-5.2.9.RELEASE.jar:/Users/nich/.m2/repository/org/xmlunit/xmlunit-core/2.7.0/xmlunit-core-2.7.0.jar:/Users/nich/.m2/repository/de/flapdoodle/embed/de.flapdoodle.embed.mongo/2.2.0/de.flapdoodle.embed.mongo-2.2.0.jar:/Users/nich/.m2/repository/de/flapdoodle/embed/de.flapdoodle.embed.process/2.1.2/de.flapdoodle.embed.process-2.1.2.jar:/Users/nich/.m2/repository/org/apache/commons/commons-lang3/3.10/commons-lang3-3.10.jar:/Users/nich/.m2/repository/net/java/dev/jna/jna/4.0.0/jna-4.0.0.jar:/Users/nich/.m2/repository/net/java/dev/jna/jna-platform/4.0.0/jna-platform-4.0.0.jar:/Users/nich/.m2/repository/org/apache/commons/commons-compress/1.18/commons-compress-1.18.jar:/Users/nich/.m2/repository/org/springframework/integration/spring-integration-test/5.3.2.RELEASE/spring-integration-test-5.3.2.RELEASE.jar:/Users/nich/.m2/repository/org/springframework/integration/spring-integration-test-support/5.3.2.RELEASE/spring-integration-test-support-5.3.2.RELEASE.jar:/Users/nich/.m2/repository/org/hamcrest/hamcrest-library/2.2/hamcrest-library-2.2.jar:/Users/nich/.m2/repository/org/hamcrest/hamcrest-core/2.2/hamcrest-core-2.2.jar:/Users/nich/.m2/repository/org/apache/maven/plugins/maven-checkstyle-plugin/3.1.1/maven-checkstyle-plugin-3.1.1.jar:/Users/nich/.m2/repository/org/apache/maven/maven-artifact/3.0/maven-artifact-3.0.jar:/Users/nich/.m2/repository/org/apache/maven/maven-core/3.0/maven-core-3.0.jar:/Users/nich/.m2/repository/org/apache/maven/maven-settings/3.0/maven-settings-3.0.jar:/Users/nich/.m2/repository/org/apache/maven/maven-settings-builder/3.0/maven-settings-builder-3.0.jar:/Users/nich/.m2/repository/org/apache/maven/maven-repository-metadata/3.0/maven-repository-metadata-3.0.jar:/Users/nich/.m2/repository/org/apache/maven/maven-model-builder/3.0/maven-model-builder-3.0.jar:/Users/nich/.m2/repository/org/apache/maven/maven-aether-provider/3.0/maven-aether-provider-3.0.jar:/Users/nich/.m2/repository/org/sonatype/aether/aether-impl/1.7/aether-impl-1.7.jar:/Users/nich/.m2/repository/org/sonatype/aether/aether-spi/1.7/aether-spi-1.7.jar:/Users/nich/.m2/repository/org/sonatype/aether/aether-api/1.7/aether-api-1.7.jar:/Users/nich/.m2/repository/org/sonatype/aether/aether-util/1.7/aether-util-1.7.jar:/Users/nich/.m2/repository/org/sonatype/sisu/sisu-inject-plexus/1.4.2/sisu-inject-plexus-1.4.2.jar:/Users/nich/.m2/repository/org/sonatype/sisu/sisu-inject-bean/1.4.2/sisu-inject-bean-1.4.2.jar:/Users/nich/.m2/repository/org/sonatype/sisu/sisu-guice/2.1.7/sisu-guice-2.1.7-noaop.jar:/Users/nich/.m2/repository/org/codehaus/plexus/plexus-classworlds/2.2.3/plexus-classworlds-2.2.3.jar:/Users/nich/.m2/repository/org/apache/maven/maven-model/3.0/maven-model-3.0.jar:/Users/nich/.m2/repository/org/apache/maven/maven-plugin-api/3.0/maven-plugin-api-3.0.jar:/Users/nich/.m2/repository/org/apache/maven/reporting/maven-reporting-api/3.0/maven-reporting-api-3.0.jar:/Users/nich/.m2/repository/org/apache/maven/reporting/maven-reporting-impl/2.3/maven-reporting-impl-2.3.jar:/Users/nich/.m2/repository/org/apache/maven/shared/maven-shared-utils/0.6/maven-shared-utils-0.6.jar:/Users/nich/.m2/repository/org/apache/maven/doxia/doxia-core/1.2/doxia-core-1.2.jar:/Users/nich/.m2/repository/xerces/xercesImpl/2.9.1/xercesImpl-2.9.1.jar:/Users/nich/.m2/repository/xml-apis/xml-apis/1.3.04/xml-apis-1.3.04.jar:/Users/nich/.m2/repository/org/apache/httpcomponents/httpclient/4.5.12/httpclient-4.5.12.jar:/Users/nich/.m2/repository/org/apache/httpcomponents/httpcore/4.4.13/httpcore-4.4.13.jar:/Users/nich/.m2/repository/commons-codec/commons-codec/1.14/commons-codec-1.14.jar:/Users/nich/.m2/repository/commons-validator/commons-validator/1.3.1/commons-validator-1.3.1.jar:/Users/nich/.m2/repository/commons-digester/commons-digester/1.6/commons-digester-1.6.jar:/Users/nich/.m2/repository/org/apache/maven/doxia/doxia-sink-api/1.4/doxia-sink-api-1.4.jar:/Users/nich/.m2/repository/org/apache/maven/doxia/doxia-logging-api/1.4/doxia-logging-api-1.4.jar:/Users/nich/.m2/repository/org/apache/maven/doxia/doxia-decoration-model/1.4/doxia-decoration-model-1.4.jar:/Users/nich/.m2/repository/org/apache/maven/doxia/doxia-site-renderer/1.4/doxia-site-renderer-1.4.jar:/Users/nich/.m2/repository/org/apache/maven/doxia/doxia-module-xhtml/1.4/doxia-module-xhtml-1.4.jar:/Users/nich/.m2/repository/org/apache/maven/doxia/doxia-module-fml/1.4/doxia-module-fml-1.4.jar:/Users/nich/.m2/repository/org/codehaus/plexus/plexus-i18n/1.0-beta-7/plexus-i18n-1.0-beta-7.jar:/Users/nich/.m2/repository/org/apache/velocity/velocity-tools/2.0/velocity-tools-2.0.jar:/Users/nich/.m2/repository/commons-chain/commons-chain/1.1/commons-chain-1.1.jar:/Users/nich/.m2/repository/dom4j/dom4j/1.1/dom4j-1.1.jar:/Users/nich/.m2/repository/oro/oro/2.0.8/oro-2.0.8.jar:/Users/nich/.m2/repository/sslext/sslext/1.2-0/sslext-1.2-0.jar:/Users/nich/.m2/repository/org/apache/struts/struts-core/1.3.8/struts-core-1.3.8.jar:/Users/nich/.m2/repository/org/apache/struts/struts-taglib/1.3.8/struts-taglib-1.3.8.jar:/Users/nich/.m2/repository/org/apache/struts/struts-tiles/1.3.8/struts-tiles-1.3.8.jar:/Users/nich/.m2/repository/org/apache/maven/doxia/doxia-integration-tools/1.6/doxia-integration-tools-1.6.jar:/Users/nich/.m2/repository/commons-io/commons-io/1.4/commons-io-1.4.jar:/Users/nich/.m2/repository/org/codehaus/plexus/plexus-container-default/1.0-alpha-9/plexus-container-default-1.0-alpha-9.jar:/Users/nich/.m2/repository/classworlds/classworlds/1.1-alpha-2/classworlds-1.1-alpha-2.jar:/Users/nich/.m2/repository/org/codehaus/plexus/plexus-component-annotations/2.0.0/plexus-component-annotations-2.0.0.jar:/Users/nich/.m2/repository/org/codehaus/plexus/plexus-resources/1.1.0/plexus-resources-1.1.0.jar:/Users/nich/.m2/repository/org/codehaus/plexus/plexus-utils/3.3.0/plexus-utils-3.3.0.jar:/Users/nich/.m2/repository/org/codehaus/plexus/plexus-interpolation/1.26/plexus-interpolation-1.26.jar:/Users/nich/.m2/repository/org/codehaus/plexus/plexus-velocity/1.2/plexus-velocity-1.2.jar:/Users/nich/.m2/repository/org/apache/velocity/velocity/1.7/velocity-1.7.jar:/Users/nich/.m2/repository/commons-collections/commons-collections/3.2.2/commons-collections-3.2.2.jar:/Users/nich/.m2/repository/javax/xml/bind/jaxb-api/2.3.1/jaxb-api-2.3.1.jar:/Users/nich/.m2/repository/javax/activation/javax.activation-api/1.2.0/javax.activation-api-1.2.0.jar:/Users/nich/.m2/repository/org/jacoco/jacoco-maven-plugin/0.8.8/jacoco-maven-plugin-0.8.8.jar:/Users/nich/.m2/repository/org/apache/maven/shared/file-management/1.2.1/file-management-1.2.1.jar:/Users/nich/.m2/repository/org/apache/maven/shared/maven-shared-io/1.1/maven-shared-io-1.1.jar:/Users/nich/.m2/repository/org/apache/maven/maven-artifact-manager/2.0.2/maven-artifact-manager-2.0.2.jar:/Users/nich/.m2/repository/org/apache/maven/wagon/wagon-provider-api/1.0-alpha-6/wagon-provider-api-1.0-alpha-6.jar:/Users/nich/.m2/repository/org/jacoco/org.jacoco.agent/0.8.8/org.jacoco.agent-0.8.8-runtime.jar:/Users/nich/.m2/repository/org/jacoco/org.jacoco.core/0.8.8/org.jacoco.core-0.8.8.jar:/Users/nich/.m2/repository/org/ow2/asm/asm/9.2/asm-9.2.jar:/Users/nich/.m2/repository/org/ow2/asm/asm-commons/9.2/asm-commons-9.2.jar:/Users/nich/.m2/repository/org/ow2/asm/asm-analysis/9.2/asm-analysis-9.2.jar:/Users/nich/.m2/repository/org/ow2/asm/asm-tree/9.2/asm-tree-9.2.jar:/Users/nich/.m2/repository/org/jacoco/org.jacoco.report/0.8.8/org.jacoco.report-0.8.8.jar:/Users/nich/.m2/repository/org/sonarsource/scanner/maven/sonar-maven-plugin/3.7.0.1746/sonar-maven-plugin-3.7.0.1746.jar:/Users/nich/.m2/repository/org/sonatype/plexus/plexus-sec-dispatcher/1.4/plexus-sec-dispatcher-1.4.jar:/Users/nich/.m2/repository/org/sonatype/plexus/plexus-cipher/1.4/plexus-cipher-1.4.jar:/Users/nich/.m2/repository/org/sonarsource/scanner/api/sonar-scanner-api/2.14.0.2002/sonar-scanner-api-2.14.0.2002.jar:/Users/nich/.m2/repository/commons-lang/commons-lang/2.6/commons-lang-2.6.jar:/Users/nich/.m2/repository/com/puppycrawl/tools/checkstyle/8.36/checkstyle-8.36.jar:/Users/nich/.m2/repository/info/picocli/picocli/4.5.1/picocli-4.5.1.jar:/Users/nich/.m2/repository/antlr/antlr/2.7.7/antlr-2.7.7.jar:/Users/nich/.m2/repository/org/antlr/antlr4-runtime/4.8-1/antlr4-runtime-4.8-1.jar:/Users/nich/.m2/repository/commons-beanutils/commons-beanutils/1.9.4/commons-beanutils-1.9.4.jar:/Users/nich/.m2/repository/commons-logging/commons-logging/1.2/commons-logging-1.2.jar:/Users/nich/.m2/repository/com/google/guava/guava/29.0-jre/guava-29.0-jre.jar:/Users/nich/.m2/repository/com/google/guava/failureaccess/1.0.1/failureaccess-1.0.1.jar:/Users/nich/.m2/repository/com/google/guava/listenablefuture/9999.0-empty-to-avoid-conflict-with-guava/listenablefuture-9999.0-empty-to-avoid-conflict-with-guava.jar:/Users/nich/.m2/repository/com/google/code/findbugs/jsr305/3.0.2/jsr305-3.0.2.jar:/Users/nich/.m2/repository/org/checkerframework/checker-qual/2.11.1/checker-qual-2.11.1.jar:/Users/nich/.m2/repository/com/google/errorprone/error_prone_annotations/2.3.4/error_prone_annotations-2.3.4.jar:/Users/nich/.m2/repository/com/google/j2objc/j2objc-annotations/1.3/j2objc-annotations-1.3.jar:/Users/nich/.m2/repository/org/reflections/reflections/0.9.12/reflections-0.9.12.jar:/Users/nich/.m2/repository/org/javassist/javassist/3.26.0-GA/javassist-3.26.0-GA.jar:/Users/nich/.m2/repository/net/sf/saxon/Saxon-HE/9.9.1-7/Saxon-HE-9.9.1-7.jar:/Users/nich/.m2/repository/org/ta4j/ta4j-core/0.13/ta4j-core-0.13.jar:/Users/nich/.m2/repository/org/slf4j/slf4j-api/1.7.30/slf4j-api-1.7.30.jar:"/>
    <property name="sun.cpu.endian" value="little"/>
    <property name="user.home" value="/Users/nich"/>
    <property name="user.language" value="en"/>
    <property name="java.specification.vendor" value="Oracle Corporation"/>
    <property name="java.version.date" value="2023-01-17"/>
    <property name="java.home" value="/Users/nich/Library/Java/JavaVirtualMachines/openjdk-19.0.2/Contents/Home"/>
    <property name="file.separator" value="/"/>
    <property name="basedir" value="/Users/nich/Documents/programming/coen448-robot-motion"/>
    <property name="java.vm.compressedOopsMode" value="Zero based"/>
    <property name="line.separator" value="&#10;"/>
    <property name="java.vm.specification.vendor" value="Oracle Corporation"/>
    <property name="java.specification.name" value="Java Platform API Specification"/>
    <property name="apple.awt.application.name" value="ForkedBooter"/>
    <property name="surefire.real.class.path" value="/Users/nich/Documents/programming/coen448-robot-motion/target/surefire/surefirebooter2970800821467615207.jar"/>
    <property name="sun.management.compiler" value="HotSpot 64-Bit Tiered Compilers"/>
    <property name="ftp.nonProxyHosts" value="local|*.local|169.254/16|*.169.254/16"/>
    <property name="java.runtime.version" value="19.0.2+7-44"/>
    <property name="user.name" value="nich"/>
    <property name="stdout.encoding" value="UTF-8"/>
    <property name="path.separator" value=":"/>
    <property name="os.version" value="13.1"/>
    <property name="java.runtime.name" value="OpenJDK Runtime Environment"/>
    <property name="file.encoding" value="UTF-8"/>
    <property name="java.vm.name" value="OpenJDK 64-Bit Server VM"/>
    <property name="localRepository" value="/Users/nich/.m2/repository"/>
    <property name="java.vendor.url.bug" value="https://bugreport.java.com/bugreport/"/>
    <property name="java.io.tmpdir" value="/var/folders/8w/fd55gr294vdc04qjcpsjhggm0000gn/T/"/>
    <property name="idea.version" value="2022.2.4"/>
    <property name="java.version" value="19.0.2"/>
    <property name="user.dir" value="/Users/nich/Documents/programming/coen448-robot-motion"/>
    <property name="os.arch" value="aarch64"/>
    <property name="java.vm.specification.name" value="Java Virtual Machine Specification"/>
    <property name="native.encoding" value="UTF-8"/>
    <property name="java.library.path" value="/Users/nich/Library/Java/Extensions:/Library/Java/Extensions:/Network/Library/Java/Extensions:/System/Library/Java/Extensions:/usr/lib/java:."/>
    <property name="java.vm.info" value="mixed mode, sharing"/>
    <property name="stderr.encoding" value="UTF-8"/>
    <property name="java.vendor" value="Oracle Corporation"/>
    <property name="java.vm.version" value="19.0.2+7-44"/>
    <property name="sun.io.unicode.encoding" value="UnicodeBig"/>
    <property name="socksNonProxyHosts" value="local|*.local|169.254/16|*.169.254/16"/>
    <property name="java.class.version" value="63.0"/>
  </properties>
  <testcase name="testRobotCreation{int}[1]" classname="com.app.RoomTest" time="0.072"/>
  <testcase name="testRobotCreation{int}[2]" classname="com.app.RoomTest" time="0.002"/>
  <testcase name="testRobotCreation{int}[3]" classname="com.app.RoomTest" time="0.002"/>
  <testcase name="testRobotCreation{int}[4]" classname="com.app.RoomTest" time="0"/>
  <testcase name="testRobotCreation{int}[5]" classname="com.app.RoomTest" time="0.001"/>
  <testcase name="testRobotCreation{int}[6]" classname="com.app.RoomTest" time="0.001"/>
  <testcase name="testRobotCreation{int}[7]" classname="com.app.RoomTest" time="0.002"/>
  <testcase name="testRobotBoundary{int}[1]" classname="com.app.RoomTest" time="0.011"/>
  <testcase name="testRobotBoundary{int}[2]" classname="com.app.RoomTest" time="0.013"/>
  <testcase name="testRobotBoundary{int}[3]" classname="com.app.RoomTest" time="0.013"/>
  <testcase name="testRobotMovement{int}[1]" classname="com.app.RoomTest" time="0.012"/>
  <testcase name="testRobotMovement{int}[2]" classname="com.app.RoomTest" time="0.005"/>
  <testcase name="testRobotMovement{int}[3]" classname="com.app.RoomTest" time="0.004"/>
  <testcase name="testRobotMovement{int}[4]" classname="com.app.RoomTest" time="0.004"/>
  <testcase name="testRobotMovement{int}[5]" classname="com.app.RoomTest" time="0.004"/>
  <testcase name="testRobotMovement{int}[6]" classname="com.app.RoomTest" time="0.01"/>
  <testcase name="testRobotMovement{int}[7]" classname="com.app.RoomTest" time="0.012"/>
  <testcase name="testUninitializedRoom" classname="com.app.RoomTest" time="0"/>
  <testcase name="testMovePen" classname="com.app.RoomTest" time="0"/>
  <testcase name="testRoomInitialization{int}[1]" classname="com.app.RoomTest" time="0"/>
  <testcase name="testRoomInitialization{int}[2]" classname="com.app.RoomTest" time="0.001"/>
  <testcase name="testRoomInitialization{int}[3]" classname="com.app.RoomTest" time="0"/>
  <testcase name="testRoomInitialization{int}[4]" classname="com.app.RoomTest" time="0.001"/>
  <testcase name="testRoomInitialization{int}[5]" classname="com.app.RoomTest" time="0.001"/>
  <testcase name="testRoomInitialization{int}[6]" classname="com.app.RoomTest" time="0"/>
  <testcase name="testRoomInitialization{int}[7]" classname="com.app.RoomTest" time="0.001"/>
  <testcase name="testRoomInitialization{int}[8]" classname="com.app.RoomTest" time="0.003"/>
  <testcase name="testRoomInitialization{int}[9]" classname="com.app.RoomTest" time="0"/>
  <testcase name="testRoomInitialization{int}[10]" classname="com.app.RoomTest" time="0"/>
</testsuite>